============================= test session starts =============================
platform win32 -- Python 3.13.5, pytest-9.0.2, pluggy-1.6.0
rootdir: C:\Users\rtiak\Desktop\251025\backend
configfile: pytest.ini
plugins: anyio-4.10.0, asyncio-1.3.0
asyncio: mode=Mode.AUTO, debug=False, asyncio_default_fixture_loop_scope=function, asyncio_default_test_loop_scope=function
collected 4 items

tests\test_auth.py FFFF                                                  [100%]

================================== FAILURES ===================================
_____________________________ test_register_user ______________________________

client = <httpx.AsyncClient object at 0x0000027E9979E510>

    @pytest.mark.asyncio
    async def test_register_user(client):
        """
        【正常系】新規ユーザー登録のテスト
    
        期待する動作:
        1. 正しいデータでPOSTリクエストを送ると、201 Created が返ってくること。
        2. レスポンスに、登録したメールアドレスが含まれていること。
        3. レスポンスに、セキュリティのためパスワードが含まれて *いない* こと。
        """
        unique_email = "test@example.com"
        # HTTPのPOSTメソッドでユーザー情報を送信します
        response = await client.post(
            "/auth/register",
            json={"email": unique_email, "password": "password123"},
        )
    
        # 結果の検証 (Assertion)
        # 201は「リソースの作成成功」を意味するステータスコードです
>       assert response.status_code == 201
E       assert 422 == 201
E        +  where 422 = <Response [422 Unprocessable Entity]>.status_code

tests\test_auth.py:27: AssertionError
---------------------------- Captured stdout call -----------------------------
{"timestamp": null, "level": null, "name": "httpx", "message": "HTTP Request: POST http://test/auth/register \"HTTP/1.1 422 Unprocessable Entity\""}
---------------------------- Captured stderr call -----------------------------
INFO:httpx:HTTP Request: POST http://test/auth/register "HTTP/1.1 422 Unprocessable Entity"
------------------------------ Captured log call ------------------------------
INFO     httpx:_client.py:1740 HTTP Request: POST http://test/auth/register "HTTP/1.1 422 Unprocessable Entity"
________________________ test_register_duplicate_email ________________________

client = <httpx.AsyncClient object at 0x0000027E998039D0>

    @pytest.mark.asyncio
    async def test_register_duplicate_email(client):
        """
        【異常系】メールアドレス重複のテスト
    
        期待する動作:
        1. 既に登録済みのメールアドレスで登録しようとすると、400 Bad Request エラーになること。
        """
        email = "duplicate@example.com"
    
        # 事前準備: 1回目の登録（これは成功するはず）
        # 同じ条件を作るために、まずは1人目のユーザーを作成します
        await client.post(
            "/auth/register",
            json={"email": email, "password": "password123"},
        )
    
        # 検証対象: 2回目の登録（同じメールアドレス）
        # 全く同じメールアドレスで再度登録を試みます
        response = await client.post(
            "/auth/register",
            json={"email": email, "password": "password123"},
        )
    
        # エラーになることを確認
        # 重複はクライアント側のリクエスト不備（400 Bad Request）として扱うのが一般的です
>       assert response.status_code == 400
E       assert 422 == 400
E        +  where 422 = <Response [422 Unprocessable Entity]>.status_code

tests\test_auth.py:63: AssertionError
---------------------------- Captured stdout call -----------------------------
{"timestamp": null, "level": null, "name": "httpx", "message": "HTTP Request: POST http://test/auth/register \"HTTP/1.1 422 Unprocessable Entity\""}
{"timestamp": null, "level": null, "name": "httpx", "message": "HTTP Request: POST http://test/auth/register \"HTTP/1.1 422 Unprocessable Entity\""}
---------------------------- Captured stderr call -----------------------------
INFO:httpx:HTTP Request: POST http://test/auth/register "HTTP/1.1 422 Unprocessable Entity"
INFO:httpx:HTTP Request: POST http://test/auth/register "HTTP/1.1 422 Unprocessable Entity"
------------------------------ Captured log call ------------------------------
INFO     httpx:_client.py:1740 HTTP Request: POST http://test/auth/register "HTTP/1.1 422 Unprocessable Entity"
INFO     httpx:_client.py:1740 HTTP Request: POST http://test/auth/register "HTTP/1.1 422 Unprocessable Entity"
_____________________________ test_login_success ______________________________

client = <httpx.AsyncClient object at 0x0000027E9992AFD0>

    @pytest.mark.asyncio
    async def test_login_success(client):
        """
        【正常系】ログイン成功のテスト
    
        期待する動作:
        1. 正しいメールとパスワードを送ると、200 OK が返ってくること。
        2. レスポンスにアクセストークン (access_token) が含まれていること。
        """
        email = "login@example.com"
        password = "password123"
    
        # 事前準備: ログイン対象のユーザーをあらかじめ登録しておきます
        await client.post(
            "/auth/register",
            json={"email": email, "password": password},
        )
    
        # ログインリクエスト
        # 登録した情報を使い、正しい組み合わせでログインを試みます
        response = await client.post(
            "/auth/login",
            json={"email": email, "password": password},
        )
    
        # トークンが発行されたか確認
        # ログイン成功時は 200 OK が返ることを期待します
>       assert response.status_code == 200
E       assert 422 == 200
E        +  where 422 = <Response [422 Unprocessable Entity]>.status_code

tests\test_auth.py:94: AssertionError
---------------------------- Captured stdout call -----------------------------
{"timestamp": null, "level": null, "name": "httpx", "message": "HTTP Request: POST http://test/auth/register \"HTTP/1.1 422 Unprocessable Entity\""}
{"timestamp": null, "level": null, "name": "httpx", "message": "HTTP Request: POST http://test/auth/login \"HTTP/1.1 422 Unprocessable Entity\""}
---------------------------- Captured stderr call -----------------------------
INFO:httpx:HTTP Request: POST http://test/auth/register "HTTP/1.1 422 Unprocessable Entity"
INFO:httpx:HTTP Request: POST http://test/auth/login "HTTP/1.1 422 Unprocessable Entity"
------------------------------ Captured log call ------------------------------
INFO     httpx:_client.py:1740 HTTP Request: POST http://test/auth/register "HTTP/1.1 422 Unprocessable Entity"
INFO     httpx:_client.py:1740 HTTP Request: POST http://test/auth/login "HTTP/1.1 422 Unprocessable Entity"
_____________________________ test_login_failure ______________________________

client = <httpx.AsyncClient object at 0x0000027E9989B100>

    @pytest.mark.asyncio
    async def test_login_failure(client):
        """
        【異常系】ログイン失敗のテスト
    
        期待する動作:
        1. 間違ったパスワードを送ると、401 Unauthorized エラーになること。
        """
        email = "fail@example.com"
        password = "password123"
    
        # 事前準備: ユーザー登録
        await client.post(
            "/auth/register",
            json={"email": email, "password": password},
        )
    
        # 間違ったパスワードでログイン試行
        # 登録時とは異なるパスワードをわざと送信します
        response = await client.post(
            "/auth/login",
            json={"email": email, "password": "wrongpassword"},
        )
    
        # 認証エラーを確認
        # 401 Unauthorized は「あなたは誰か分からない、もしくは認証できない」というエラーです
>       assert response.status_code == 401
E       assert 422 == 401
E        +  where 422 = <Response [422 Unprocessable Entity]>.status_code

tests\test_auth.py:127: AssertionError
---------------------------- Captured stdout call -----------------------------
{"timestamp": null, "level": null, "name": "httpx", "message": "HTTP Request: POST http://test/auth/register \"HTTP/1.1 422 Unprocessable Entity\""}
{"timestamp": null, "level": null, "name": "httpx", "message": "HTTP Request: POST http://test/auth/login \"HTTP/1.1 422 Unprocessable Entity\""}
---------------------------- Captured stderr call -----------------------------
INFO:httpx:HTTP Request: POST http://test/auth/register "HTTP/1.1 422 Unprocessable Entity"
INFO:httpx:HTTP Request: POST http://test/auth/login "HTTP/1.1 422 Unprocessable Entity"
------------------------------ Captured log call ------------------------------
INFO     httpx:_client.py:1740 HTTP Request: POST http://test/auth/register "HTTP/1.1 422 Unprocessable Entity"
INFO     httpx:_client.py:1740 HTTP Request: POST http://test/auth/login "HTTP/1.1 422 Unprocessable Entity"
============================== warnings summary ===============================
..\..\..\AppData\Local\Programs\Python\Python313\Lib\site-packages\_pytest\config\__init__.py:1428
  C:\Users\rtiak\AppData\Local\Programs\Python\Python313\Lib\site-packages\_pytest\config\__init__.py:1428: PytestConfigWarning: Unknown config option: python_paths
  
    self._warn_or_fail_if_strict(f"Unknown config option: {key}\n")

-- Docs: https://docs.pytest.org/en/stable/how-to/capture-warnings.html
=========================== short test summary info ===========================
FAILED tests/test_auth.py::test_register_user - assert 422 == 201
FAILED tests/test_auth.py::test_register_duplicate_email - assert 422 == 400
FAILED tests/test_auth.py::test_login_success - assert 422 == 200
FAILED tests/test_auth.py::test_login_failure - assert 422 == 401
======================== 4 failed, 1 warning in 0.92s =========================
